This file contains any messages produced by compilers while
running configure, to aid debugging if configure makes a mistake.

It was created by tkcon configure 2.8, which was
generated by GNU Autoconf 2.72.  Invocation command line was

  $ ./configure

## --------- ##
## Platform. ##
## --------- ##

hostname = MacBook-Air-1551.local
uname -m = arm64
uname -r = 24.3.0
uname -s = Darwin
uname -v = Darwin Kernel Version 24.3.0: Thu Jan  2 20:24:23 PST 2025; root:xnu-11215.81.4~3/RELEASE_ARM64_T8122

/usr/bin/uname -p = arm
/bin/uname -X     = unknown

/bin/arch              = unknown
/usr/bin/arch -k       = unknown
/usr/convex/getsysinfo = unknown
/usr/bin/hostinfo      = Mach kernel version:
	 Darwin Kernel Version 24.3.0: Thu Jan  2 20:24:23 PST 2025; root:xnu-11215.81.4~3/RELEASE_ARM64_T8122
Kernel configured for up to 8 processors.
8 processors are physically available.
8 processors are logically available.
Processor type: arm64e (ARM64E)
Processors active: 0 1 2 3 4 5 6 7
Primary memory available: 24.00 gigabytes
Default processor set: 942 tasks, 4218 threads, 8 processors
Load average: 2.82, Mach factor: 5.18
/bin/machine           = unknown
/usr/bin/oslevel       = unknown
/bin/universe          = unknown

PATH: /Library/Frameworks/Python.framework/Versions/3.13/bin/
PATH: /Users/sheinb/.npm-global/bin/
PATH: /usr/local/bin/
PATH: /opt/homebrew/bin/
PATH: /usr/bin/
PATH: /bin/
PATH: /usr/sbin/
PATH: /sbin/
PATH: /var/run/com.apple.security.cryptexd/codex.system/bootstrap/usr/local/bin/
PATH: /var/run/com.apple.security.cryptexd/codex.system/bootstrap/usr/bin/
PATH: /var/run/com.apple.security.cryptexd/codex.system/bootstrap/usr/appleinternal/bin/
PATH: /opt/X11/bin/
PATH: /Library/Apple/usr/bin/
PATH: /Library/TeX/texbin/
PATH: /Applications/VMware Fusion.app/Contents/Public/
PATH: /usr/local/go/bin/
PATH: /Applications/quarto/bin/
PATH: /Users/sheinb/.local/bin/
PATH: /Users/sheinb/.cargo/bin/
PATH: /Applications/iTerm.app/Contents/Resources/utilities/
PATH: /Users/sheinb/.config/emacs/bin/
PATH: /Applications/Sublime Text.app/Contents/SharedSupport/bin/


## ----------- ##
## Core tests. ##
## ----------- ##

configure:2382: checking TEA configuration
configure:2388: result: ok (TEA 3.13)
configure:2475: configuring tkcon 2.8
configure:2505: checking system version
configure:2533: result: Darwin-24.3.0
configure:2582: checking for Tcl configuration
configure:2722: result: found /Library/Frameworks/Tcl.framework/tclConfig.sh
configure:2790: checking for gcc
configure:2811: found /usr/bin/gcc
configure:2823: result: gcc
configure:3182: checking for C compiler version
configure:3191: gcc --version >&5
Apple clang version 16.0.0 (clang-1600.0.26.6)
Target: arm64-apple-darwin24.3.0
Thread model: posix
InstalledDir: /Applications/Xcode.app/Contents/Developer/Toolchains/XcodeDefault.xctoolchain/usr/bin
configure:3202: $? = 0
configure:3191: gcc -v >&5
Apple clang version 16.0.0 (clang-1600.0.26.6)
Target: arm64-apple-darwin24.3.0
Thread model: posix
InstalledDir: /Applications/Xcode.app/Contents/Developer/Toolchains/XcodeDefault.xctoolchain/usr/bin
configure:3202: $? = 0
configure:3191: gcc -V >&5
clang: error: argument to '-V' is missing (expected 1 value)
clang: error: no input files
configure:3202: $? = 1
configure:3191: gcc -qversion >&5
clang: error: unknown argument '-qversion'; did you mean '--version'?
clang: error: no input files
configure:3202: $? = 1
configure:3191: gcc -version >&5
clang: error: unknown argument '-version'; did you mean '--version'?
clang: error: no input files
configure:3202: $? = 1
configure:3222: checking whether the C compiler works
configure:3244: gcc    conftest.c  >&5
configure:3248: $? = 0
configure:3299: result: yes
configure:3303: checking for C compiler default output file name
configure:3305: result: a.out
configure:3311: checking for suffix of executables
configure:3318: gcc -o conftest    conftest.c  >&5
configure:3322: $? = 0
configure:3346: result: 
configure:3370: checking whether we are cross compiling
configure:3378: gcc -o conftest    conftest.c  >&5
configure:3382: $? = 0
configure:3389: ./conftest
configure:3393: $? = 0
configure:3408: result: no
configure:3414: checking for suffix of object files
configure:3437: gcc -c   conftest.c >&5
configure:3441: $? = 0
configure:3465: result: o
configure:3469: checking whether the compiler supports GNU C
configure:3489: gcc -c   conftest.c >&5
configure:3489: $? = 0
configure:3501: result: yes
configure:3512: checking whether gcc accepts -g
configure:3533: gcc -c -g  conftest.c >&5
configure:3533: $? = 0
configure:3580: result: yes
configure:3600: checking for gcc option to enable C11 features
configure:3615: gcc  -c   conftest.c >&5
configure:3615: $? = 0
configure:3634: result: none needed
configure:3754: checking for existence of /Library/Frameworks/Tcl.framework/tclConfig.sh
configure:3758: result: loading
configure:3812: checking platform
configure:3830: gcc -c   conftest.c >&5
configure:3830: $? = 0
configure:3889: result: unix
configure:3940: checking for Tk configuration
configure:4077: result: found /Library/Frameworks/Tk.framework/tkConfig.sh
configure:4083: checking for existence of /Library/Frameworks/Tk.framework/tkConfig.sh
configure:4087: result: loading
configure:4171: --prefix defaulting to TCL_PREFIX /usr/local
configure:4183: --exec-prefix defaulting to TCL_EXEC_PREFIX /usr/local
configure:4259: checking for gcc
configure:4292: result: gcc
configure:4651: checking for C compiler version
configure:4660: gcc --version >&5
Apple clang version 16.0.0 (clang-1600.0.26.6)
Target: arm64-apple-darwin24.3.0
Thread model: posix
InstalledDir: /Applications/Xcode.app/Contents/Developer/Toolchains/XcodeDefault.xctoolchain/usr/bin
configure:4671: $? = 0
configure:4660: gcc -v >&5
Apple clang version 16.0.0 (clang-1600.0.26.6)
Target: arm64-apple-darwin24.3.0
Thread model: posix
InstalledDir: /Applications/Xcode.app/Contents/Developer/Toolchains/XcodeDefault.xctoolchain/usr/bin
configure:4671: $? = 0
configure:4660: gcc -V >&5
clang: error: argument to '-V' is missing (expected 1 value)
clang: error: no input files
configure:4671: $? = 1
configure:4660: gcc -qversion >&5
clang: error: unknown argument '-qversion'; did you mean '--version'?
clang: error: no input files
configure:4671: $? = 1
configure:4660: gcc -version >&5
clang: error: unknown argument '-version'; did you mean '--version'?
clang: error: no input files
configure:4671: $? = 1
configure:4675: checking whether the compiler supports GNU C
configure:4707: result: yes
configure:4718: checking whether gcc accepts -g
configure:4786: result: yes
configure:4806: checking for gcc option to enable C11 features
configure:4840: result: none needed
configure:4963: checking how to run the C preprocessor
configure:4989: gcc -E  conftest.c
configure:4989: $? = 0
configure:5005: gcc -E  conftest.c
conftest.c:11:10: fatal error: 'ac_nonexistent.h' file not found
   11 | #include <ac_nonexistent.h>
      |          ^~~~~~~~~~~~~~~~~~
1 error generated.
configure:5005: $? = 1
configure: failed program was:
| /* confdefs.h */
| #define PACKAGE_NAME "tkcon"
| #define PACKAGE_TARNAME "tkcon"
| #define PACKAGE_VERSION "2.8"
| #define PACKAGE_STRING "tkcon 2.8"
| #define PACKAGE_BUGREPORT ""
| #define PACKAGE_URL ""
| #define BUILD_tkcon /**/
| #define MAC_OSX_TK 1
| /* end confdefs.h.  */
| #include <ac_nonexistent.h>
configure:5034: result: gcc -E
configure:5048: gcc -E  conftest.c
configure:5048: $? = 0
configure:5064: gcc -E  conftest.c
conftest.c:11:10: fatal error: 'ac_nonexistent.h' file not found
   11 | #include <ac_nonexistent.h>
      |          ^~~~~~~~~~~~~~~~~~
1 error generated.
configure:5064: $? = 1
configure: failed program was:
| /* confdefs.h */
| #define PACKAGE_NAME "tkcon"
| #define PACKAGE_TARNAME "tkcon"
| #define PACKAGE_VERSION "2.8"
| #define PACKAGE_STRING "tkcon 2.8"
| #define PACKAGE_BUGREPORT ""
| #define PACKAGE_URL ""
| #define BUILD_tkcon /**/
| #define MAC_OSX_TK 1
| /* end confdefs.h.  */
| #include <ac_nonexistent.h>
configure:5101: checking whether make sets $(MAKE)
configure:5125: result: yes
configure:5188: checking for ranlib
configure:5209: found /usr/bin/ranlib
configure:5221: result: ranlib
configure:5255: checking for stdio.h
configure:5255: gcc -c   conftest.c >&5
configure:5255: $? = 0
configure:5255: result: yes
configure:5255: checking for stdlib.h
configure:5255: gcc -c   conftest.c >&5
configure:5255: $? = 0
configure:5255: result: yes
configure:5255: checking for string.h
configure:5255: gcc -c   conftest.c >&5
configure:5255: $? = 0
configure:5255: result: yes
configure:5255: checking for inttypes.h
configure:5255: gcc -c   conftest.c >&5
configure:5255: $? = 0
configure:5255: result: yes
configure:5255: checking for stdint.h
configure:5255: gcc -c   conftest.c >&5
configure:5255: $? = 0
configure:5255: result: yes
configure:5255: checking for strings.h
configure:5255: gcc -c   conftest.c >&5
configure:5255: $? = 0
configure:5255: result: yes
configure:5255: checking for sys/stat.h
configure:5255: gcc -c   conftest.c >&5
configure:5255: $? = 0
configure:5255: result: yes
configure:5255: checking for sys/types.h
configure:5255: gcc -c   conftest.c >&5
configure:5255: $? = 0
configure:5255: result: yes
configure:5255: checking for unistd.h
configure:5255: gcc -c   conftest.c >&5
configure:5255: $? = 0
configure:5255: result: yes
configure:5290: checking if the compiler understands -pipe
configure:5309: gcc -c  -pipe  conftest.c >&5
configure:5309: $? = 0
configure:5320: result: yes
configure:5337: checking whether byte ordering is bigendian
configure:5353: gcc -c  -pipe  conftest.c >&5
configure:5353: $? = 0
configure:5399: gcc -c  -pipe  conftest.c >&5
configure:5399: $? = 0
configure:5418: gcc -c  -pipe  conftest.c >&5
conftest.c:28:4: error: use of undeclared identifier 'not'
   28 |                  not big endian
      |                  ^
1 error generated.
configure:5418: $? = 1
configure: failed program was:
| /* confdefs.h */
| #define PACKAGE_NAME "tkcon"
| #define PACKAGE_TARNAME "tkcon"
| #define PACKAGE_VERSION "2.8"
| #define PACKAGE_STRING "tkcon 2.8"
| #define PACKAGE_BUGREPORT ""
| #define PACKAGE_URL ""
| #define BUILD_tkcon /**/
| #define MAC_OSX_TK 1
| #define HAVE_STDIO_H 1
| #define HAVE_STDLIB_H 1
| #define HAVE_STRING_H 1
| #define HAVE_INTTYPES_H 1
| #define HAVE_STDINT_H 1
| #define HAVE_STRINGS_H 1
| #define HAVE_SYS_STAT_H 1
| #define HAVE_SYS_TYPES_H 1
| #define HAVE_UNISTD_H 1
| #define STDC_HEADERS 1
| /* end confdefs.h.  */
| #include <sys/types.h>
| 		#include <sys/param.h>
| 
| int
| main (void)
| {
| #if BYTE_ORDER != BIG_ENDIAN
| 		 not big endian
| 		#endif
| 
|   ;
|   return 0;
| }
configure:5559: result: no
configure:5844: checking for dtplite
configure:5867: found /opt/homebrew/bin/dtplite
configure:5880: result: /opt/homebrew/bin/dtplite
configure:6067: creating ./config.status

## ---------------------- ##
## Running config.status. ##
## ---------------------- ##

This file was extended by tkcon config.status 2.8, which was
generated by GNU Autoconf 2.72.  Invocation command line was

  CONFIG_FILES    = 
  CONFIG_HEADERS  = 
  CONFIG_LINKS    = 
  CONFIG_COMMANDS = 
  $ ./config.status 

on MacBook-Air-1551.local

config.status:783: creating Makefile
config.status:783: creating pkgIndex.tcl

## ---------------- ##
## Cache variables. ##
## ---------------- ##

ac_cv_c_bigendian=no
ac_cv_c_compiler_gnu=yes
ac_cv_c_tclconfig=/Library/Frameworks/Tcl.framework
ac_cv_c_tkconfig=/Library/Frameworks/Tk.framework
ac_cv_env_CC_set=
ac_cv_env_CC_value=
ac_cv_env_CFLAGS_set=
ac_cv_env_CFLAGS_value=
ac_cv_env_CPPFLAGS_set=
ac_cv_env_CPPFLAGS_value=
ac_cv_env_CPP_set=
ac_cv_env_CPP_value=
ac_cv_env_LDFLAGS_set=
ac_cv_env_LDFLAGS_value=
ac_cv_env_LIBS_set=
ac_cv_env_LIBS_value=
ac_cv_env_build_alias_set=
ac_cv_env_build_alias_value=
ac_cv_env_host_alias_set=
ac_cv_env_host_alias_value=
ac_cv_env_target_alias_set=
ac_cv_env_target_alias_value=
ac_cv_header_inttypes_h=yes
ac_cv_header_stdint_h=yes
ac_cv_header_stdio_h=yes
ac_cv_header_stdlib_h=yes
ac_cv_header_string_h=yes
ac_cv_header_strings_h=yes
ac_cv_header_sys_stat_h=yes
ac_cv_header_sys_types_h=yes
ac_cv_header_unistd_h=yes
ac_cv_objext=o
ac_cv_path_ac_pt_DTPLITE=/opt/homebrew/bin/dtplite
ac_cv_prog_CPP='gcc -E'
ac_cv_prog_ac_ct_CC=gcc
ac_cv_prog_ac_ct_RANLIB=ranlib
ac_cv_prog_cc_c11=
ac_cv_prog_cc_g=yes
ac_cv_prog_cc_stdc=
ac_cv_prog_make_make_set=yes
tcl_cv_cc_pipe=yes
tcl_cv_sys_version=Darwin-24.3.0

## ----------------- ##
## Output variables. ##
## ----------------- ##

CC='gcc'
CFLAGS=' -pipe'
CLEANFILES=''
CPP='gcc -E'
CPPFLAGS=''
CYGPATH='echo'
DEFS='-DPACKAGE_NAME=\"tkcon\" -DPACKAGE_TARNAME=\"tkcon\" -DPACKAGE_VERSION=\"2.8\" -DPACKAGE_STRING=\"tkcon\ 2.8\" -DPACKAGE_BUGREPORT=\"\" -DPACKAGE_URL=\"\" -DBUILD_tkcon=/\*\*/ -DMAC_OSX_TK=1 -DHAVE_STDIO_H=1 -DHAVE_STDLIB_H=1 -DHAVE_STRING_H=1 -DHAVE_INTTYPES_H=1 -DHAVE_STDINT_H=1 -DHAVE_STRINGS_H=1 -DHAVE_SYS_STAT_H=1 -DHAVE_SYS_TYPES_H=1 -DHAVE_UNISTD_H=1 -DSTDC_HEADERS=1'
DTPLITE='/opt/homebrew/bin/dtplite'
ECHO_C='\c'
ECHO_N=''
ECHO_T=''
EXEEXT=''
INSTALL='$(SHELL) $(srcdir)/tclconfig/install-sh -c'
INSTALL_DATA='${INSTALL} -m 644'
INSTALL_DATA_DIR='${INSTALL} -d -m 755'
INSTALL_LIBRARY='${INSTALL} -m 644'
INSTALL_PROGRAM='${INSTALL} -m 755'
INSTALL_SCRIPT='${INSTALL} -m 755'
LDFLAGS=''
LIBOBJS=''
LIBS=''
LTLIBOBJS=''
OBJEXT='o'
PACKAGE_BUGREPORT=''
PACKAGE_NAME='tkcon'
PACKAGE_STRING='tkcon 2.8'
PACKAGE_TARNAME='tkcon'
PACKAGE_URL=''
PACKAGE_VERSION='2.8'
PATH_SEPARATOR=':'
PKG_CFLAGS=' '
PKG_HEADERS=''
PKG_INCLUDES=''
PKG_LIBS=''
PKG_LIB_FILE8=''
PKG_LIB_FILE9=''
PKG_LIB_FILE=''
PKG_OBJECTS=''
PKG_SOURCES=''
PKG_STUB_OBJECTS=''
PKG_STUB_SOURCES=''
PKG_TCL_SOURCES=' tkcon.tcl'
RANLIB='ranlib'
SET_MAKE=''
SHELL='/bin/sh'
TCL_BIN_DIR='/Library/Frameworks/Tcl.framework'
TCL_DEFS='-DPACKAGE_NAME=\"tcl\" -DPACKAGE_TARNAME=\"tcl\" -DPACKAGE_VERSION=\"9.0\" -DPACKAGE_STRING=\"tcl\ 9.0\" -DPACKAGE_BUGREPORT=\"\" -DPACKAGE_URL=\"\" -DHAVE_STDIO_H=1 -DHAVE_STDLIB_H=1 -DHAVE_STRING_H=1 -DHAVE_INTTYPES_H=1 -DHAVE_STDINT_H=1 -DHAVE_STRINGS_H=1 -DHAVE_SYS_STAT_H=1 -DHAVE_SYS_TYPES_H=1 -DHAVE_UNISTD_H=1 -DHAVE_SYS_TIME_H=1 -DSTDC_HEADERS=1 -DHAVE_SYS_PARAM_H=1 -DTCL_CFGVAL_ENCODING=\"utf-8\" -D_REENTRANT=1 -D_THREAD_SAFE=1 -DHAVE_PTHREAD_ATTR_SETSTACKSIZE=1 -DHAVE_PTHREAD_ATFORK=1 -DHAVE_DECL_PTHREAD_MUTEX_RECURSIVE=1 -DMODULE_SCOPE=extern\ __attribute__\(\(__visibility__\(\"hidden\"\)\)\) -DHAVE_HIDDEN=1 -DMAC_OSX_TCL=1 -DHAVE_COREFOUNDATION=1 -DHAVE_CAST_TO_UNION=1 -DHAVE_STDBOOL_H=1 -DHAVE_VFORK=1 -DHAVE_POSIX_SPAWNP=1 -DHAVE_POSIX_SPAWN_FILE_ACTIONS_ADDDUP2=1 -DHAVE_POSIX_SPAWNATTR_SETFLAGS=1 -DTCL_SHLIB_EXT=\".dylib\" -DNDEBUG=1 -DTCL_CFG_OPTIMIZED=1 -DMP_PREC=4 -DTCL_WIDE_INT_IS_LONG=1 -DHAVE_GETCWD=1 -DHAVE_MKSTEMP=1 -DHAVE_WAITPID=1 -DHAVE_GETNAMEINFO=1 -DHAVE_GETADDRINFO=1 -DHAVE_FREEADDRINFO=1 -DHAVE_GAI_STRERROR=1 -DHAVE_STRUCT_ADDRINFO=1 -DHAVE_STRUCT_IN6_ADDR=1 -DHAVE_STRUCT_SOCKADDR_IN6=1 -DHAVE_STRUCT_SOCKADDR_STORAGE=1 -DHAVE_GETPWUID_R_5=1 -DHAVE_GETPWUID_R=1 -DHAVE_GETPWNAM_R_5=1 -DHAVE_GETPWNAM_R=1 -DHAVE_GETGRGID_R_5=1 -DHAVE_GETGRGID_R=1 -DHAVE_GETGRNAM_R_5=1 -DHAVE_GETGRNAM_R=1 -DHAVE_MTSAFE_GETHOSTBYNAME=1 -DHAVE_MTSAFE_GETHOSTBYADDR=1 -DHAVE_TERMIOS_H=1 -DHAVE_SYS_IOCTL_H=1 -DHAVE_SYS_TIME_H=1 -DHAVE_GMTIME_R=1 -DHAVE_LOCALTIME_R=1 -DHAVE_TM_GMTOFF=1 -DHAVE_TIMEZONE_VAR=1 -DHAVE_STRUCT_STAT_ST_BLOCKS=1 -DHAVE_STRUCT_STAT_ST_BLKSIZE=1 -DHAVE_STRUCT_STAT_ST_RDEV=1 -DHAVE_BLKCNT_T=1 -DHAVE_INTPTR_T=1 -DHAVE_UINTPTR_T=1 -DHAVE_SIGNED_CHAR=1 -DHAVE_LANGINFO=1 -DHAVE_CFMAKERAW=1 -DHAVE_CHFLAGS=1 -DHAVE_MKSTEMPS=1 -DHAVE_GETATTRLIST=1 -DHAVE_COPYFILE_H=1 -DHAVE_COPYFILE=1 -DHAVE_LIBKERN_OSATOMIC_H=1 -DHAVE_OSSPINLOCKLOCK=1 -DTCL_LOAD_FROM_MEMORY=1 -DTCL_WIDE_CLICKS=1 -DHAVE_WEAK_IMPORT=1 -D_DARWIN_C_SOURCE=1 -DHAVE_FTS=1 -DHAVE_SYS_IOCTL_H=1 -DHAVE_SYS_FILIO_H=1 -DTCL_UNLOAD_DLLS=1 -DUSE_DTRACE=1 -DTCL_FRAMEWORK=1'
TCL_EXTRA_CFLAGS='-pipe  -finput-charset=UTF-8  '
TCL_LD_FLAGS=' -headerpad_max_install_names -Wl,-search_paths_first '
TCL_LIBS=' -lz  -lpthread -framework CoreFoundation '
TCL_LIB_FILE='Tcl'
TCL_LIB_FLAG='-framework Tcl'
TCL_LIB_SPEC='-F/Library/Frameworks -framework Tcl'
TCL_PATCH_LEVEL='.2'
TCL_SHLIB_LD_LIBS='${LIBS}'
TCL_SRC_DIR='/Users/sheinb/src/tcl/tcl'
TCL_STUB_LIB_FILE='libtclstub.a'
TCL_STUB_LIB_FLAG='-ltclstub'
TCL_STUB_LIB_SPEC='-L/Library/Frameworks/Tcl.framework -ltclstub'
TCL_VERSION='9.0'
TK_BIN_DIR='/Library/Frameworks/Tk.framework'
TK_LIBS='   -framework CoreFoundation -framework Cocoa -framework Carbon -framework IOKit -framework QuartzCore -framework Security -framework CoreGraphics -framework UserNotifications -weak_framework UniformTypeIdentifiers  -lz  -lpthread -framework CoreFoundation '
TK_LIB_FILE='Tk'
TK_LIB_FLAG='-framework Tk'
TK_LIB_SPEC='-F/Library/Frameworks -framework Tk'
TK_SRC_DIR='/Users/sheinb/src/tcl/tk'
TK_STUB_LIB_FILE='libtkstub.a'
TK_STUB_LIB_FLAG='-ltkstub'
TK_STUB_LIB_SPEC='-L/Library/Frameworks/Tk.framework -ltkstub'
TK_VERSION='9.0'
TK_XINCLUDES=''
ac_ct_CC='gcc'
bindir='${exec_prefix}/bin'
build_alias=''
datadir='${datarootdir}'
datarootdir='${prefix}/share'
docdir='${datarootdir}/doc/${PACKAGE_TARNAME}'
dvidir='${docdir}'
exec_prefix='/usr/local'
host_alias=''
htmldir='${docdir}'
includedir='${prefix}/include'
infodir='${datarootdir}/info'
libdir='${exec_prefix}/lib'
libexecdir='${exec_prefix}/libexec'
localedir='${datarootdir}/locale'
localstatedir='${prefix}/var'
mandir='${datarootdir}/man'
oldincludedir='/usr/include'
pdfdir='${docdir}'
prefix='/usr/local'
program_transform_name='s,x,x,'
psdir='${docdir}'
runstatedir='${localstatedir}/run'
sbindir='${exec_prefix}/sbin'
sharedstatedir='${prefix}/com'
sysconfdir='${prefix}/etc'
target_alias=''

## ----------- ##
## confdefs.h. ##
## ----------- ##

/* confdefs.h */
#define PACKAGE_NAME "tkcon"
#define PACKAGE_TARNAME "tkcon"
#define PACKAGE_VERSION "2.8"
#define PACKAGE_STRING "tkcon 2.8"
#define PACKAGE_BUGREPORT ""
#define PACKAGE_URL ""
#define BUILD_tkcon /**/
#define MAC_OSX_TK 1
#define HAVE_STDIO_H 1
#define HAVE_STDLIB_H 1
#define HAVE_STRING_H 1
#define HAVE_INTTYPES_H 1
#define HAVE_STDINT_H 1
#define HAVE_STRINGS_H 1
#define HAVE_SYS_STAT_H 1
#define HAVE_SYS_TYPES_H 1
#define HAVE_UNISTD_H 1
#define STDC_HEADERS 1

configure: exit 0
